<?xml version="1.0" encoding="UTF-8"?>
<!-- Generated by org.testng.reporters.JUnitXMLReporter -->
<testsuite ignored="0" hostname="morgans-MacBook-Pro.local" failures="0" tests="7" name="Login" time="57.978" errors="0" timestamp="16 Aug 2019 04:46:53 GMT">
  <testcase classname="com.automation.testCases.StanaloneTestNGTest" name="verifyHomepageTitle" time="5.54"/>
  <testcase classname="com.automation.testCases.StandaloneTest03" name="tester" time="13.199"/>
  <testcase classname="com.automation.testCases.StandAloneTestNGTest01" name="verifyHomepageTitle" time="0.013"/>
  <testcase classname="com.automation.testCases.StandAloneTestNGTest02" name="testCase1" time="0.002"/>
  <testcase classname="com.automation.testCases.StandAloneTestNGTest02" name="testCase2" time="0.002"/>
  <testcase classname="com.automation.testCases.LoginTest01" name="CreateAccountTest" time="25.117"/>
  <testcase classname="com.automation.testCases.LoginTest01" name="LoginTest" time="5.04"/>
</testsuite> <!-- Login -->
