<?xml version="1.0" encoding="UTF-8"?>
<testng-results skipped="0" failed="0" ignored="0" total="1" passed="1">
  <reporter-output>
  </reporter-output>
  <suite name="TestNGSuite" duration-ms="6024" started-at="2019-08-31T06:53:02Z" finished-at="2019-08-31T06:53:08Z">
    <groups>
    </groups>
    <test name="Login" duration-ms="6024" started-at="2019-08-31T06:53:02Z" finished-at="2019-08-31T06:53:08Z">
      <class name="com.automation.testCases.StandAloneProperties">
        <test-method status="PASS" signature="setup()[pri:0, instance:com.automation.testCases.StandAloneProperties@54a097cc]" name="setup" is-config="true" duration-ms="2468" started-at="2019-08-31T06:53:02Z" finished-at="2019-08-31T06:53:04Z">
          <reporter-output>
          </reporter-output>
        </test-method> <!-- setup -->
        <test-method status="PASS" signature="tester()[pri:0, instance:com.automation.testCases.StandAloneProperties@54a097cc]" name="tester" duration-ms="3463" started-at="2019-08-31T06:53:04Z" finished-at="2019-08-31T06:53:08Z">
          <reporter-output>
          </reporter-output>
        </test-method> <!-- tester -->
        <test-method status="PASS" signature="tearDown()[pri:0, instance:com.automation.testCases.StandAloneProperties@54a097cc]" name="tearDown" is-config="true" duration-ms="72" started-at="2019-08-31T06:53:08Z" finished-at="2019-08-31T06:53:08Z">
          <reporter-output>
          </reporter-output>
        </test-method> <!-- tearDown -->
      </class> <!-- com.automation.testCases.StandAloneProperties -->
    </test> <!-- Login -->
  </suite> <!-- TestNGSuite -->
</testng-results>
