<?xml version="1.0" encoding="UTF-8"?>
<!-- Generated by org.testng.reporters.JUnitXMLReporter -->
<testsuite hostname="morgans-MacBook-Pro.local" ignored="0" name="Firefox Test" tests="1" failures="0" timestamp="27 Aug 2019 14:20:37 GMT" time="0.047" errors="0">
  <testcase name="@BeforeClass setup" time="0.0" classname="com.automation.testCases.QAbase01">
    <failure type="org.testng.TestNGException" message="
Can inject only one of &amp;lt;ITestContext, XmlTest&amp;gt; into a @BeforeClass annotated setup.
For more information on native dependency injection please refer to http://testng.org/doc/documentation-main.html#native-dependency-injection">
      <![CDATA[org.testng.TestNGException: 
Can inject only one of <ITestContext, XmlTest> into a @BeforeClass annotated setup.
For more information on native dependency injection please refer to http://testng.org/doc/documentation-main.html#native-dependency-injection
at java.util.concurrent.FutureTask.run(FutureTask.java:266)
at java.util.concurrent.ThreadPoolExecutor.runWorker(ThreadPoolExecutor.java:1149)
at java.util.concurrent.ThreadPoolExecutor$Worker.run(ThreadPoolExecutor.java:624)
at java.lang.Thread.run(Thread.java:748)
... Removed 14 stack frames]]>
    </failure>
  </testcase> <!-- @BeforeClass setup -->
  <testcase name="@AfterClass Teardown" time="0.0" classname="com.automation.testCases.QAbase01">
    <skipped/>
  </testcase> <!-- @AfterClass Teardown -->
  <testcase name="LoginTest" time="0.0" classname="com.automation.testCases.QAtest01">
    <skipped/>
  </testcase> <!-- LoginTest -->
</testsuite> <!-- Firefox Test -->
